INFO:root:Sequence: [6, 5, 1, 2, 7, 3, 4]
INFO:root:Barrel 6 is drawn.
INFO:root:Barrel 5 is drawn.
INFO:root:Barrel 1 is drawn.
INFO:root:Barrel 2 is drawn.
INFO:root:Barrel 7 is drawn.
INFO:root:Barrel 3 is drawn.
INFO:root:Barrel 4 is drawn.
INFO:root:Sequence: [3, 2, 5, 4, 1]
INFO:root:Barrel 3 is drawn.
INFO:root:Barrel 2 is drawn.
INFO:root:Barrel 5 is drawn.
INFO:root:Barrel 4 is drawn.
INFO:root:Barrel 1 is drawn.
INFO:root:Последовательность: [2, 7, 1, 3, 5, 6, 4]
INFO:root:Бочонок 2 вытащен
INFO:root:Бочонок 7 вытащен
INFO:root:Бочонок 1 вытащен
INFO:root:Бочонок 3 вытащен
INFO:root:Бочонок 5 вытащен
INFO:root:Бочонок 6 вытащен
INFO:root:Бочонок 4 вытащен
INFO:root:Sequence: [6, 1, 4, 3, 5, 2, 7]
INFO:root:Barrel 6 is drawn.
INFO:root:Barrel 1 is drawn.
INFO:root:Barrel 4 is drawn.
INFO:root:Barrel 3 is drawn.
INFO:root:Barrel 5 is drawn.
INFO:root:Barrel 2 is drawn.
INFO:root:Barrel 7 is drawn.
INFO:root:Sequence: [9, 8, 7, 6, 2, 11, 5, 13, 12, 10, 1, 4, 3]
INFO:root:Barrel 9 is drawn.
INFO:root:Barrel 8 is drawn.
INFO:root:Barrel 7 is drawn.
INFO:root:Barrel 6 is drawn.
INFO:root:Barrel 2 is drawn.
INFO:root:Barrel 11 is drawn.
INFO:root:Barrel 5 is drawn.
INFO:root:Barrel 13 is drawn.
INFO:root:Barrel 12 is drawn.
INFO:root:Barrel 10 is drawn.
INFO:root:Barrel 1 is drawn.
INFO:root:Barrel 4 is drawn.
INFO:root:Barrel 3 is drawn.
INFO:root:Sequence: [22, 24, 2, 14, 21, 18, 7, 16, 5, 17, 20, 19, 8, 13, 15, 11, 1, 6, 3, 9, 25, 12, 4, 23, 10]
INFO:root:Barrel 22 is drawn.
INFO:root:Barrel 24 is drawn.
INFO:root:Barrel 2 is drawn.
INFO:root:Barrel 14 is drawn.
INFO:root:Barrel 21 is drawn.
INFO:root:Barrel 18 is drawn.
INFO:root:Barrel 7 is drawn.
INFO:root:Barrel 16 is drawn.
INFO:root:Barrel 5 is drawn.
INFO:root:Barrel 17 is drawn.
INFO:root:Barrel 20 is drawn.
INFO:root:Barrel 19 is drawn.
INFO:root:Barrel 8 is drawn.
INFO:root:Barrel 13 is drawn.
INFO:root:Barrel 15 is drawn.
INFO:root:Barrel 11 is drawn.
INFO:root:Barrel 1 is drawn.
INFO:root:Barrel 6 is drawn.
INFO:root:Barrel 3 is drawn.
INFO:root:Barrel 9 is drawn.
INFO:root:Barrel 25 is drawn.
INFO:root:Barrel 12 is drawn.
INFO:root:Barrel 4 is drawn.
INFO:root:Barrel 23 is drawn.
INFO:root:Barrel 10 is drawn.
